# JRE version: OpenJDK Runtime Environment 18.9 (11.0.15+10) (build 11.0.15+10)
# Java VM: OpenJDK 64-Bit Server VM 18.9 (11.0.15+10, mixed mode, tiered, compressed oops, g1 gc, windows-amd64)
Heap:
 garbage-first heap   total 414720K, used 74262K [0x00000000c1c00000, 0x0000000100000000)
  region size 1024K, 1 young (1024K), 1 survivors (1024K)
 Metaspace       used 65838K, capacity 66582K, committed 66688K, reserved 1107968K
  class space    used 7506K, capacity 7802K, committed 7808K, reserved 1048576K
GC Heap History (20 events):
Event: 73.615 GC heap after
{Heap after GC invocations=36 (full 0):
 garbage-first heap   total 78848K, used 56033K [0x00000000c1c00000, 0x0000000100000000)
  region size 1024K, 1 young (1024K), 1 survivors (1024K)
 Metaspace       used 57060K, capacity 57716K, committed 57856K, reserved 1099776K
  class space    used 6628K, capacity 6896K, committed 6912K, reserved 1048576K
}
Event: 73.802 GC heap before
{Heap before GC invocations=37 (full 0):
 garbage-first heap   total 78848K, used 63201K [0x00000000c1c00000, 0x0000000100000000)
  region size 1024K, 8 young (8192K), 1 survivors (1024K)
 Metaspace       used 57431K, capacity 58086K, committed 58240K, reserved 1099776K
  class space    used 6662K, capacity 6934K, committed 7040K, reserved 1048576K
}
Event: 73.806 GC heap after
{Heap after GC invocations=38 (full 0):
 garbage-first heap   total 78848K, used 56669K [0x00000000c1c00000, 0x0000000100000000)
  region size 1024K, 1 young (1024K), 1 survivors (1024K)
 Metaspace       used 57431K, capacity 58086K, committed 58240K, reserved 1099776K
  class space    used 6662K, capacity 6934K, committed 7040K, reserved 1048576K
}
Event: 73.846 GC heap before
{Heap before GC invocations=38 (full 0):
 garbage-first heap   total 78848K, used 63837K [0x00000000c1c00000, 0x0000000100000000)
  region size 1024K, 8 young (8192K), 1 survivors (1024K)
 Metaspace       used 57446K, capacity 58086K, committed 58240K, reserved 1099776K
  class space    used 6662K, capacity 6934K, committed 7040K, reserved 1048576K
}
Event: 73.849 GC heap after
{Heap after GC invocations=39 (full 0):
 garbage-first heap   total 102400K, used 56749K [0x00000000c1c00000, 0x0000000100000000)
  region size 1024K, 1 young (1024K), 1 survivors (1024K)
 Metaspace       used 57446K, capacity 58086K, committed 58240K, reserved 1099776K
  class space    used 6662K, capacity 6934K, committed 7040K, reserved 1048576K
}
Event: 74.205 GC heap before
{Heap before GC invocations=40 (full 0):
 garbage-first heap   total 102400K, used 72109K [0x00000000c1c00000, 0x0000000100000000)
  region size 1024K, 16 young (16384K), 1 survivors (1024K)
 Metaspace       used 57973K, capacity 58574K, committed 58752K, reserved 1101824K
  class space    used 6722K, capacity 6969K, committed 7040K, reserved 1048576K
}
Event: 74.210 GC heap after
{Heap after GC invocations=41 (full 0):
 garbage-first heap   total 102400K, used 57280K [0x00000000c1c00000, 0x0000000100000000)
  region size 1024K, 2 young (2048K), 2 survivors (2048K)
 Metaspace       used 57973K, capacity 58574K, committed 58752K, reserved 1101824K
  class space    used 6722K, capacity 6969K, committed 7040K, reserved 1048576K
}
Event: 74.802 GC heap before
{Heap before GC invocations=41 (full 0):
 garbage-first heap   total 102400K, used 72640K [0x00000000c1c00000, 0x0000000100000000)
  region size 1024K, 17 young (17408K), 2 survivors (2048K)
 Metaspace       used 60304K, capacity 60966K, committed 61056K, reserved 1103872K
  class space    used 6966K, capacity 7253K, committed 7296K, reserved 1048576K
}
Event: 74.809 GC heap after
{Heap after GC invocations=42 (full 0):
 garbage-first heap   total 102400K, used 58841K [0x00000000c1c00000, 0x0000000100000000)
  region size 1024K, 3 young (3072K), 3 survivors (3072K)
 Metaspace       used 60304K, capacity 60966K, committed 61056K, reserved 1103872K
  class space    used 6966K, capacity 7253K, committed 7296K, reserved 1048576K
}
Event: 75.970 GC heap before
{Heap before GC invocations=43 (full 0):
 garbage-first heap   total 102400K, used 74201K [0x00000000c1c00000, 0x0000000100000000)
  region size 1024K, 19 young (19456K), 3 survivors (3072K)
 Metaspace       used 62476K, capacity 63152K, committed 63360K, reserved 1105920K
  class space    used 7243K, capacity 7510K, committed 7552K, reserved 1048576K
}
Event: 75.995 GC heap after
{Heap after GC invocations=44 (full 0):
 garbage-first heap   total 102400K, used 60719K [0x00000000c1c00000, 0x0000000100000000)
  region size 1024K, 3 young (3072K), 3 survivors (3072K)
 Metaspace       used 62476K, capacity 63152K, committed 63360K, reserved 1105920K
  class space    used 7243K, capacity 7510K, committed 7552K, reserved 1048576K
}
Event: 76.408 GC heap before
{Heap before GC invocations=45 (full 0):
 garbage-first heap   total 102400K, used 77103K [0x00000000c1c00000, 0x0000000100000000)
  region size 1024K, 19 young (19456K), 3 survivors (3072K)
 Metaspace       used 63248K, capacity 63937K, committed 64256K, reserved 1105920K
  class space    used 7307K, capacity 7594K, committed 7680K, reserved 1048576K
}
Event: 76.458 GC heap after
{Heap after GC invocations=46 (full 0):
 garbage-first heap   total 138240K, used 63477K [0x00000000c1c00000, 0x0000000100000000)
  region size 1024K, 3 young (3072K), 3 survivors (3072K)
 Metaspace       used 63248K, capacity 63937K, committed 64256K, reserved 1105920K
  class space    used 7307K, capacity 7594K, committed 7680K, reserved 1048576K
}
Event: 77.734 GC heap before
{Heap before GC invocations=46 (full 0):
 garbage-first heap   total 138240K, used 91125K [0x00000000c1c00000, 0x0000000100000000)
  region size 1024K, 30 young (30720K), 3 survivors (3072K)
 Metaspace       used 65042K, capacity 65738K, committed 65920K, reserved 1107968K
  class space    used 7470K, capacity 7763K, committed 7808K, reserved 1048576K
}
Event: 77.790 GC heap after
{Heap after GC invocations=47 (full 0):
 garbage-first heap   total 138240K, used 67361K [0x00000000c1c00000, 0x0000000100000000)
  region size 1024K, 4 young (4096K), 4 survivors (4096K)
 Metaspace       used 65042K, capacity 65738K, committed 65920K, reserved 1107968K
  class space    used 7470K, capacity 7763K, committed 7808K, reserved 1048576K
}
Event: 78.536 GC heap before
{Heap before GC invocations=47 (full 0):
 garbage-first heap   total 138240K, used 82721K [0x00000000c1c00000, 0x0000000100000000)
  region size 1024K, 20 young (20480K), 4 survivors (4096K)
 Metaspace       used 65371K, capacity 66103K, committed 66176K, reserved 1107968K
  class space    used 7495K, capacity 7797K, committed 7808K, reserved 1048576K
}
Event: 78.562 GC heap after
{Heap after GC invocations=48 (full 0):
 garbage-first heap   total 138240K, used 69545K [0x00000000c1c00000, 0x0000000100000000)
  region size 1024K, 2 young (2048K), 2 survivors (2048K)
 Metaspace       used 65371K, capacity 66103K, committed 66176K, reserved 1107968K
  class space    used 7495K, capacity 7797K, committed 7808K, reserved 1048576K
}
Event: 80.823 GC heap before
{Heap before GC invocations=49 (full 0):
 garbage-first heap   total 138240K, used 99241K [0x00000000c1c00000, 0x0000000100000000)
  region size 1024K, 29 young (29696K), 2 survivors (2048K)
 Metaspace       used 65824K, capacity 66582K, committed 66688K, reserved 1107968K
  class space    used 7506K, capacity 7802K, committed 7808K, reserved 1048576K
}
Event: 82.009 GC heap after
{Heap after GC invocations=50 (full 0):
 garbage-first heap   total 138240K, used 73602K [0x00000000c1c00000, 0x0000000100000000)
  region size 1024K, 4 young (4096K), 4 survivors (4096K)
 Metaspace       used 65824K, capacity 66582K, committed 66688K, reserved 1107968K
  class space    used 7506K, capacity 7802K, committed 7808K, reserved 1048576K
}
Event: 82.115 GC heap before
{Heap before GC invocations=50 (full 0):
 garbage-first heap   total 138240K, used 75650K [0x00000000c1c00000, 0x0000000100000000)
  region size 1024K, 6 young (6144K), 4 survivors (4096K)
 Metaspace       used 65838K, capacity 66582K, committed 66688K, reserved 1107968K
  class space    used 7506K, capacity 7802K, committed 7808K, reserved 1048576K
}

