# JRE version: OpenJDK Runtime Environment 18.9 (11.0.15+10) (build 11.0.15+10)
# Java VM: OpenJDK 64-Bit Server VM 18.9 (11.0.15+10, mixed mode, tiered, compressed oops, g1 gc, windows-amd64)
Heap:
 garbage-first heap   total 594944K, used 178942K [0x0000000080000000, 0x0000000100000000)
  region size 1024K, 3 young (3072K), 3 survivors (3072K)
 Metaspace       used 107248K, capacity 110997K, committed 111184K, reserved 612352K
  class space    used 13888K, capacity 15303K, committed 15360K, reserved 516096K
GC Heap History (20 events):
Event: 136.764 GC heap after
{Heap after GC invocations=76 (full 0):
 garbage-first heap   total 236544K, used 108378K [0x0000000080000000, 0x0000000100000000)
  region size 1024K, 6 young (6144K), 6 survivors (6144K)
 Metaspace       used 81783K, capacity 84338K, committed 84560K, reserved 589824K
  class space    used 10443K, capacity 11448K, committed 11520K, reserved 516096K
}
Event: 137.063 GC heap before
{Heap before GC invocations=76 (full 0):
 garbage-first heap   total 236544K, used 113498K [0x0000000080000000, 0x0000000100000000)
  region size 1024K, 11 young (11264K), 6 survivors (6144K)
 Metaspace       used 81783K, capacity 84338K, committed 84560K, reserved 589824K
  class space    used 10443K, capacity 11448K, committed 11520K, reserved 516096K
}
Event: 137.097 GC heap after
{Heap after GC invocations=77 (full 0):
 garbage-first heap   total 236544K, used 111596K [0x0000000080000000, 0x0000000100000000)
  region size 1024K, 2 young (2048K), 2 survivors (2048K)
 Metaspace       used 81783K, capacity 84338K, committed 84560K, reserved 589824K
  class space    used 10443K, capacity 11448K, committed 11520K, reserved 516096K
}
Event: 137.841 GC heap before
{Heap before GC invocations=77 (full 0):
 garbage-first heap   total 236544K, used 147436K [0x0000000080000000, 0x0000000100000000)
  region size 1024K, 38 young (38912K), 2 survivors (2048K)
 Metaspace       used 81839K, capacity 84381K, committed 84560K, reserved 589824K
  class space    used 10451K, capacity 11483K, committed 11520K, reserved 516096K
}
Event: 137.868 GC heap after
{Heap after GC invocations=78 (full 0):
 garbage-first heap   total 236544K, used 123904K [0x0000000080000000, 0x0000000100000000)
  region size 1024K, 5 young (5120K), 5 survivors (5120K)
 Metaspace       used 81839K, capacity 84381K, committed 84560K, reserved 589824K
  class space    used 10451K, capacity 11483K, committed 11520K, reserved 516096K
}
Event: 144.620 GC heap before
{Heap before GC invocations=79 (full 0):
 garbage-first heap   total 236544K, used 154624K [0x0000000080000000, 0x0000000100000000)
  region size 1024K, 39 young (39936K), 5 survivors (5120K)
 Metaspace       used 82683K, capacity 85303K, committed 85456K, reserved 591872K
  class space    used 10536K, capacity 11571K, committed 11648K, reserved 516096K
}
Event: 144.869 GC heap after
{Heap after GC invocations=80 (full 0):
 garbage-first heap   total 369664K, used 132512K [0x0000000080000000, 0x0000000100000000)
  region size 1024K, 5 young (5120K), 5 survivors (5120K)
 Metaspace       used 82683K, capacity 85303K, committed 85456K, reserved 591872K
  class space    used 10536K, capacity 11571K, committed 11648K, reserved 516096K
}
Event: 146.313 GC heap before
{Heap before GC invocations=80 (full 0):
 garbage-first heap   total 369664K, used 146848K [0x0000000080000000, 0x0000000100000000)
  region size 1024K, 18 young (18432K), 5 survivors (5120K)
 Metaspace       used 82873K, capacity 85529K, committed 85712K, reserved 591872K
  class space    used 10549K, capacity 11581K, committed 11648K, reserved 516096K
}
Event: 146.349 GC heap after
{Heap after GC invocations=81 (full 0):
 garbage-first heap   total 369664K, used 136188K [0x0000000080000000, 0x0000000100000000)
  region size 1024K, 3 young (3072K), 3 survivors (3072K)
 Metaspace       used 82873K, capacity 85529K, committed 85712K, reserved 591872K
  class space    used 10549K, capacity 11581K, committed 11648K, reserved 516096K
}
Event: 149.488 GC heap before
{Heap before GC invocations=81 (full 0):
 garbage-first heap   total 369664K, used 176124K [0x0000000080000000, 0x0000000100000000)
  region size 1024K, 41 young (41984K), 3 survivors (3072K)
 Metaspace       used 86622K, capacity 89488K, committed 89552K, reserved 593920K
  class space    used 11022K, capacity 12143K, committed 12160K, reserved 516096K
}
Event: 149.519 GC heap after
{Heap after GC invocations=82 (full 0):
 garbage-first heap   total 369664K, used 142657K [0x0000000080000000, 0x0000000100000000)
  region size 1024K, 6 young (6144K), 6 survivors (6144K)
 Metaspace       used 86622K, capacity 89488K, committed 89552K, reserved 593920K
  class space    used 11022K, capacity 12143K, committed 12160K, reserved 516096K
}
Event: 151.634 GC heap before
{Heap before GC invocations=82 (full 0):
 garbage-first heap   total 369664K, used 191809K [0x0000000080000000, 0x0000000100000000)
  region size 1024K, 55 young (56320K), 6 survivors (6144K)
 Metaspace       used 93438K, capacity 96383K, committed 96464K, reserved 600064K
  class space    used 11763K, capacity 12901K, committed 12928K, reserved 516096K
}
Event: 151.682 GC heap after
{Heap after GC invocations=83 (full 0):
 garbage-first heap   total 369664K, used 146957K [0x0000000080000000, 0x0000000100000000)
  region size 1024K, 7 young (7168K), 7 survivors (7168K)
 Metaspace       used 93438K, capacity 96383K, committed 96464K, reserved 600064K
  class space    used 11763K, capacity 12901K, committed 12928K, reserved 516096K
}
Event: 154.158 GC heap before
{Heap before GC invocations=83 (full 0):
 garbage-first heap   total 369664K, used 212493K [0x0000000080000000, 0x0000000100000000)
  region size 1024K, 70 young (71680K), 7 survivors (7168K)
 Metaspace       used 96060K, capacity 99132K, committed 99280K, reserved 602112K
  class space    used 12141K, capacity 13349K, committed 13440K, reserved 516096K
}
Event: 154.238 GC heap after
{Heap after GC invocations=84 (full 0):
 garbage-first heap   total 369664K, used 153420K [0x0000000080000000, 0x0000000100000000)
  region size 1024K, 9 young (9216K), 9 survivors (9216K)
 Metaspace       used 96060K, capacity 99132K, committed 99280K, reserved 602112K
  class space    used 12141K, capacity 13349K, committed 13440K, reserved 516096K
}
Event: 175.500 GC heap before
{Heap before GC invocations=84 (full 0):
 garbage-first heap   total 369664K, used 232268K [0x0000000080000000, 0x0000000100000000)
  region size 1024K, 86 young (88064K), 9 survivors (9216K)
 Metaspace       used 101770K, capacity 104976K, committed 105296K, reserved 608256K
  class space    used 13029K, capacity 14262K, committed 14336K, reserved 516096K
}
Event: 175.678 GC heap after
{Heap after GC invocations=85 (full 0):
 garbage-first heap   total 369664K, used 159074K [0x0000000080000000, 0x0000000100000000)
  region size 1024K, 11 young (11264K), 11 survivors (11264K)
 Metaspace       used 101770K, capacity 104976K, committed 105296K, reserved 608256K
  class space    used 13029K, capacity 14262K, committed 14336K, reserved 516096K
}
Event: 184.196 GC heap before
{Heap before GC invocations=85 (full 0):
 garbage-first heap   total 369664K, used 244066K [0x0000000080000000, 0x0000000100000000)
  region size 1024K, 89 young (91136K), 11 survivors (11264K)
 Metaspace       used 104417K, capacity 107957K, committed 108112K, reserved 610304K
  class space    used 13418K, capacity 14784K, committed 14848K, reserved 516096K
}
Event: 184.485 GC heap after
{Heap after GC invocations=86 (full 0):
 garbage-first heap   total 369664K, used 175036K [0x0000000080000000, 0x0000000100000000)
  region size 1024K, 12 young (12288K), 12 survivors (12288K)
 Metaspace       used 104417K, capacity 107957K, committed 108112K, reserved 610304K
  class space    used 13418K, capacity 14784K, committed 14848K, reserved 516096K
}
Event: 187.097 GC heap before
{Heap before GC invocations=86 (full 0):
 garbage-first heap   total 369664K, used 197564K [0x0000000080000000, 0x0000000100000000)
  region size 1024K, 34 young (34816K), 12 survivors (12288K)
 Metaspace       used 107248K, capacity 110997K, committed 111184K, reserved 612352K
  class space    used 13888K, capacity 15303K, committed 15360K, reserved 516096K
}

