# JRE version: OpenJDK Runtime Environment 18.9 (11.0.15+10) (build 11.0.15+10)
# Java VM: OpenJDK 64-Bit Server VM 18.9 (11.0.15+10, mixed mode, tiered, compressed oops, g1 gc, windows-amd64)
Heap:
 garbage-first heap   total 78848K, used 17965K [0x00000000c1c00000, 0x0000000100000000)
  region size 1024K, 3 young (3072K), 3 survivors (3072K)
 Metaspace       used 30068K, capacity 30399K, committed 30640K, reserved 1077248K
  class space    used 3344K, capacity 3480K, committed 3504K, reserved 1048576K
GC Heap History (9 events):
Event: 0.472 GC heap before
{Heap before GC invocations=0 (full 0):
 garbage-first heap   total 65536K, used 17408K [0x00000000c1c00000, 0x0000000100000000)
  region size 1024K, 14 young (14336K), 0 survivors (0K)
 Metaspace       used 10001K, capacity 10120K, committed 10368K, reserved 1058816K
  class space    used 832K, capacity 862K, committed 896K, reserved 1048576K
}
Event: 0.475 GC heap after
{Heap after GC invocations=1 (full 0):
 garbage-first heap   total 65536K, used 5529K [0x00000000c1c00000, 0x0000000100000000)
  region size 1024K, 2 young (2048K), 2 survivors (2048K)
 Metaspace       used 10001K, capacity 10120K, committed 10368K, reserved 1058816K
  class space    used 832K, capacity 862K, committed 896K, reserved 1048576K
}
Event: 1.180 GC heap before
{Heap before GC invocations=1 (full 0):
 garbage-first heap   total 65536K, used 42393K [0x00000000c1c00000, 0x0000000100000000)
  region size 1024K, 38 young (38912K), 2 survivors (2048K)
 Metaspace       used 17844K, capacity 17980K, committed 18048K, reserved 1064960K
  class space    used 1821K, capacity 1858K, committed 1920K, reserved 1048576K
}
Event: 1.190 GC heap after
{Heap after GC invocations=2 (full 0):
 garbage-first heap   total 65536K, used 8692K [0x00000000c1c00000, 0x0000000100000000)
  region size 1024K, 5 young (5120K), 5 survivors (5120K)
 Metaspace       used 17844K, capacity 17980K, committed 18048K, reserved 1064960K
  class space    used 1821K, capacity 1858K, committed 1920K, reserved 1048576K
}
Event: 1.489 GC heap before
{Heap before GC invocations=2 (full 0):
 garbage-first heap   total 65536K, used 18932K [0x00000000c1c00000, 0x0000000100000000)
  region size 1024K, 16 young (16384K), 5 survivors (5120K)
 Metaspace       used 21025K, capacity 21234K, committed 21296K, reserved 1069056K
  class space    used 2204K, capacity 2312K, committed 2352K, reserved 1048576K
}
Event: 1.500 GC heap after
{Heap after GC invocations=3 (full 0):
 garbage-first heap   total 65536K, used 9722K [0x00000000c1c00000, 0x0000000100000000)
  region size 1024K, 1 young (1024K), 1 survivors (1024K)
 Metaspace       used 21025K, capacity 21234K, committed 21296K, reserved 1069056K
  class space    used 2204K, capacity 2312K, committed 2352K, reserved 1048576K
}
Event: 2.481 GC heap before
{Heap before GC invocations=4 (full 0):
 garbage-first heap   total 65536K, used 34298K [0x00000000c1c00000, 0x0000000100000000)
  region size 1024K, 24 young (24576K), 1 survivors (1024K)
 Metaspace       used 25549K, capacity 25840K, committed 26032K, reserved 1073152K
  class space    used 2771K, capacity 2899K, committed 2992K, reserved 1048576K
}
Event: 2.488 GC heap after
{Heap after GC invocations=5 (full 0):
 garbage-first heap   total 65536K, used 15697K [0x00000000c1c00000, 0x0000000100000000)
  region size 1024K, 3 young (3072K), 3 survivors (3072K)
 Metaspace       used 25549K, capacity 25840K, committed 26032K, reserved 1073152K
  class space    used 2771K, capacity 2899K, committed 2992K, reserved 1048576K
}
Event: 3.056 GC heap before
{Heap before GC invocations=5 (full 0):
 garbage-first heap   total 65536K, used 42321K [0x00000000c1c00000, 0x0000000100000000)
  region size 1024K, 25 young (25600K), 3 survivors (3072K)
 Metaspace       used 30068K, capacity 30399K, committed 30640K, reserved 1077248K
  class space    used 3344K, capacity 3480K, committed 3504K, reserved 1048576K
}

