# JRE version: OpenJDK Runtime Environment 18.9 (11.0.15+10) (build 11.0.15+10)
# Java VM: OpenJDK 64-Bit Server VM 18.9 (11.0.15+10, mixed mode, tiered, compressed oops, g1 gc, windows-amd64)
Heap:
 garbage-first heap   total 1021952K, used 315472K [0x0000000080000000, 0x0000000100000000)
  region size 1024K, 7 young (7168K), 7 survivors (7168K)
 Metaspace       used 149130K, capacity 153875K, committed 153936K, reserved 651264K
  class space    used 18601K, capacity 20438K, committed 20480K, reserved 516096K
GC Heap History (20 events):
Event: 160.849 GC heap after
{Heap after GC invocations=107 (full 0):
 garbage-first heap   total 400384K, used 303453K [0x0000000080000000, 0x0000000100000000)
  region size 1024K, 6 young (6144K), 6 survivors (6144K)
 Metaspace       used 142571K, capacity 146909K, committed 147280K, reserved 645120K
  class space    used 17901K, capacity 19592K, committed 19712K, reserved 516096K
}
Event: 161.397 GC heap before
{Heap before GC invocations=107 (full 0):
 garbage-first heap   total 400384K, used 343389K [0x0000000080000000, 0x0000000100000000)
  region size 1024K, 41 young (41984K), 6 survivors (6144K)
 Metaspace       used 143662K, capacity 148135K, committed 148432K, reserved 645120K
  class space    used 18056K, capacity 19790K, committed 19840K, reserved 516096K
}
Event: 161.419 GC heap after
{Heap after GC invocations=108 (full 0):
 garbage-first heap   total 400384K, used 311296K [0x0000000080000000, 0x0000000100000000)
  region size 1024K, 4 young (4096K), 4 survivors (4096K)
 Metaspace       used 143662K, capacity 148135K, committed 148432K, reserved 645120K
  class space    used 18056K, capacity 19790K, committed 19840K, reserved 516096K
}
Event: 161.476 GC heap before
{Heap before GC invocations=108 (full 0):
 garbage-first heap   total 400384K, used 343040K [0x0000000080000000, 0x0000000100000000)
  region size 1024K, 35 young (35840K), 4 survivors (4096K)
 Metaspace       used 143856K, capacity 148301K, committed 148432K, reserved 645120K
  class space    used 18087K, capacity 19834K, committed 19840K, reserved 516096K
}
Event: 161.498 GC heap after
{Heap after GC invocations=109 (full 0):
 garbage-first heap   total 400384K, used 312030K [0x0000000080000000, 0x0000000100000000)
  region size 1024K, 1 young (1024K), 1 survivors (1024K)
 Metaspace       used 143856K, capacity 148301K, committed 148432K, reserved 645120K
  class space    used 18087K, capacity 19834K, committed 19840K, reserved 516096K
}
Event: 161.607 GC heap before
{Heap before GC invocations=109 (full 0):
 garbage-first heap   total 400384K, used 345822K [0x0000000080000000, 0x0000000100000000)
  region size 1024K, 34 young (34816K), 1 survivors (1024K)
 Metaspace       used 144090K, capacity 148548K, committed 148816K, reserved 645120K
  class space    used 18116K, capacity 19873K, committed 19968K, reserved 516096K
}
Event: 161.614 GC heap after
{Heap after GC invocations=110 (full 0):
 garbage-first heap   total 400384K, used 313082K [0x0000000080000000, 0x0000000100000000)
  region size 1024K, 2 young (2048K), 2 survivors (2048K)
 Metaspace       used 144090K, capacity 148548K, committed 148816K, reserved 645120K
  class space    used 18116K, capacity 19873K, committed 19968K, reserved 516096K
}
Event: 161.719 GC heap before
{Heap before GC invocations=110 (full 0):
 garbage-first heap   total 400384K, used 345850K [0x0000000080000000, 0x0000000100000000)
  region size 1024K, 35 young (35840K), 2 survivors (2048K)
 Metaspace       used 144389K, capacity 148872K, committed 149072K, reserved 647168K
  class space    used 18185K, capacity 19938K, committed 19968K, reserved 516096K
}
Event: 161.728 GC heap after
{Heap after GC invocations=111 (full 0):
 garbage-first heap   total 400384K, used 313736K [0x0000000080000000, 0x0000000100000000)
  region size 1024K, 3 young (3072K), 3 survivors (3072K)
 Metaspace       used 144389K, capacity 148872K, committed 149072K, reserved 647168K
  class space    used 18185K, capacity 19938K, committed 19968K, reserved 516096K
}
Event: 163.698 GC heap before
{Heap before GC invocations=111 (full 0):
 garbage-first heap   total 400384K, used 342408K [0x0000000080000000, 0x0000000100000000)
  region size 1024K, 37 young (37888K), 3 survivors (3072K)
 Metaspace       used 146551K, capacity 151128K, committed 151376K, reserved 649216K
  class space    used 18400K, capacity 20164K, committed 20224K, reserved 516096K
}
Event: 163.743 GC heap after
{Heap after GC invocations=112 (full 0):
 garbage-first heap   total 400384K, used 310789K [0x0000000080000000, 0x0000000100000000)
  region size 1024K, 5 young (5120K), 5 survivors (5120K)
 Metaspace       used 146551K, capacity 151128K, committed 151376K, reserved 649216K
  class space    used 18400K, capacity 20164K, committed 20224K, reserved 516096K
}
Event: 164.594 GC heap before
{Heap before GC invocations=112 (full 0):
 garbage-first heap   total 400384K, used 346629K [0x0000000080000000, 0x0000000100000000)
  region size 1024K, 41 young (41984K), 5 survivors (5120K)
 Metaspace       used 147554K, capacity 152111K, committed 152400K, reserved 649216K
  class space    used 18419K, capacity 20183K, committed 20224K, reserved 516096K
}
Event: 164.623 GC heap after
{Heap after GC invocations=113 (full 0):
 garbage-first heap   total 468992K, used 313087K [0x0000000080000000, 0x0000000100000000)
  region size 1024K, 6 young (6144K), 6 survivors (6144K)
 Metaspace       used 147554K, capacity 152111K, committed 152400K, reserved 649216K
  class space    used 18419K, capacity 20183K, committed 20224K, reserved 516096K
}
Event: 165.998 GC heap before
{Heap before GC invocations=114 (full 0):
 garbage-first heap   total 468992K, used 393983K [0x0000000080000000, 0x0000000100000000)
  region size 1024K, 79 young (80896K), 6 survivors (6144K)
 Metaspace       used 148470K, capacity 153050K, committed 153296K, reserved 649216K
  class space    used 18514K, capacity 20301K, committed 20352K, reserved 516096K
}
Event: 166.374 GC heap after
{Heap after GC invocations=115 (full 0):
 garbage-first heap   total 468992K, used 323794K [0x0000000080000000, 0x0000000100000000)
  region size 1024K, 9 young (9216K), 9 survivors (9216K)
 Metaspace       used 148470K, capacity 153050K, committed 153296K, reserved 649216K
  class space    used 18514K, capacity 20301K, committed 20352K, reserved 516096K
}
Event: 166.433 GC heap before
{Heap before GC invocations=115 (full 0):
 garbage-first heap   total 468992K, used 336082K [0x0000000080000000, 0x0000000100000000)
  region size 1024K, 22 young (22528K), 9 survivors (9216K)
 Metaspace       used 148499K, capacity 153060K, committed 153296K, reserved 649216K
  class space    used 18515K, capacity 20303K, committed 20352K, reserved 516096K
}
Event: 166.762 GC heap after
{Heap after GC invocations=116 (full 0):
 garbage-first heap   total 468992K, used 304704K [0x0000000080000000, 0x0000000100000000)
  region size 1024K, 2 young (2048K), 2 survivors (2048K)
 Metaspace       used 148499K, capacity 153060K, committed 153296K, reserved 649216K
  class space    used 18515K, capacity 20303K, committed 20352K, reserved 516096K
}
Event: 166.821 GC heap before
{Heap before GC invocations=116 (full 0):
 garbage-first heap   total 468992K, used 314944K [0x0000000080000000, 0x0000000100000000)
  region size 1024K, 14 young (14336K), 2 survivors (2048K)
 Metaspace       used 148557K, capacity 153151K, committed 153296K, reserved 649216K
  class space    used 18525K, capacity 20312K, committed 20352K, reserved 516096K
}
Event: 166.867 GC heap after
{Heap after GC invocations=117 (full 0):
 garbage-first heap   total 468992K, used 306301K [0x0000000080000000, 0x0000000100000000)
  region size 1024K, 4 young (4096K), 4 survivors (4096K)
 Metaspace       used 148557K, capacity 153151K, committed 153296K, reserved 649216K
  class space    used 18525K, capacity 20312K, committed 20352K, reserved 516096K
}
Event: 167.583 GC heap before
{Heap before GC invocations=117 (full 0):
 garbage-first heap   total 468992K, used 375933K [0x0000000080000000, 0x0000000100000000)
  region size 1024K, 64 young (65536K), 4 survivors (4096K)
 Metaspace       used 149130K, capacity 153875K, committed 153936K, reserved 651264K
  class space    used 18601K, capacity 20438K, committed 20480K, reserved 516096K
}

